[2026-02-05T17:22:07.707Z] Mark Suggestions OUTDATED and Delete Fixes
[2026-02-05T17:22:07.725Z] ==========================================

[2026-02-05T17:22:07.725Z] Loaded 109 suggestions from data.json
[2026-02-05T17:22:07.726Z] Grouped into 12 site/opportunity pairs

[2026-02-05T17:22:07.726Z] 
[14220f09...] Processing 4 suggestions for opportunity 6ff13517...
[2026-02-05T17:22:08.929Z] ✓ Updated 4 suggestions to OUTDATED for opportunity 6ff13517...
[2026-02-05T17:22:09.727Z]   Found 1 fix(es) for suggestion d88a693a...
[2026-02-05T17:22:10.157Z]   ✓ Deleted fix: 3403ca1f-1ae7-4ba4-bd0d-4908cd8a36fb
[2026-02-05T17:22:10.554Z]   Found 1 fix(es) for suggestion 99f7f7fd...
[2026-02-05T17:22:10.949Z]   ✓ Deleted fix: 7a4b5462-b745-437e-b9e9-a1caff2f9317
[2026-02-05T17:22:11.365Z] ✓ Summary: Deleted 2/2 fixes
[2026-02-05T17:22:11.367Z] 
[b3395167...] Processing 10 suggestions for opportunity 97f9b294...
[2026-02-05T17:22:11.898Z] ✓ Updated 10 suggestions to OUTDATED for opportunity 97f9b294...
[2026-02-05T17:22:16.409Z]   No fixes found for any suggestion
[2026-02-05T17:22:16.410Z] 
[275d1b4e...] Processing 3 suggestions for opportunity ce966c69...
[2026-02-05T17:22:16.910Z] ✓ Updated 3 suggestions to OUTDATED for opportunity ce966c69...
[2026-02-05T17:22:17.844Z]   Found 1 fix(es) for suggestion d63b4656...
[2026-02-05T17:22:18.354Z]   ✓ Deleted fix: 2f53bf38-1e88-4be0-b2dc-cfcaa4926682
[2026-02-05T17:22:18.769Z]   Found 1 fix(es) for suggestion 934b8324...
[2026-02-05T17:22:19.212Z]   ✓ Deleted fix: 2987da5f-c462-4b3d-8fef-4c85adc8266c
[2026-02-05T17:22:19.214Z] ✓ Summary: Deleted 2/2 fixes
[2026-02-05T17:22:19.214Z] 
[1baa230b...] Processing 18 suggestions for opportunity 580b7db7...
[2026-02-05T17:22:19.892Z] ✓ Updated 18 suggestions to OUTDATED for opportunity 580b7db7...
[2026-02-05T17:22:21.227Z]   Found 1 fix(es) for suggestion 5b3466ac...
[2026-02-05T17:22:21.737Z]   ✓ Deleted fix: 6a7f79de-3eab-4e77-9322-0dfa7d2ed011
[2026-02-05T17:22:25.544Z]   Found 1 fix(es) for suggestion 117be17a...
[2026-02-05T17:22:25.993Z]   ✓ Deleted fix: 98e10821-b797-4b8d-9afd-a7fb85aef11b
[2026-02-05T17:22:27.264Z]   Found 1 fix(es) for suggestion 8656b2db...
[2026-02-05T17:22:27.796Z]   ✓ Deleted fix: 39a5e1d8-3f3d-4023-b22a-f5675ae8b5b1
[2026-02-05T17:22:29.073Z] ✓ Summary: Deleted 3/3 fixes
[2026-02-05T17:22:29.076Z] 
[85a9d450...] Processing 2 suggestions for opportunity fd4d1407...
[2026-02-05T17:22:29.624Z] ✓ Updated 2 suggestions to OUTDATED for opportunity fd4d1407...
[2026-02-05T17:22:30.430Z]   No fixes found for any suggestion
[2026-02-05T17:22:30.432Z] 
[e5835fee...] Processing 6 suggestions for opportunity fc99e508...
[2026-02-05T17:22:30.989Z] ✓ Updated 6 suggestions to OUTDATED for opportunity fc99e508...
[2026-02-05T17:22:31.425Z]   Found 1 fix(es) for suggestion 3f3303b9...
[2026-02-05T17:22:31.916Z]   ✓ Deleted fix: acd72bfb-7a4d-4f6e-bbfd-7a88d272f194
[2026-02-05T17:22:34.082Z]   Found 1 fix(es) for suggestion 69bec9f8...
[2026-02-05T17:22:34.516Z]   ✓ Deleted fix: 3455effa-cb80-4079-b180-25371b6b3e25
[2026-02-05T17:22:34.518Z] ✓ Summary: Deleted 2/2 fixes
[2026-02-05T17:22:34.519Z] 
[904c2bb4...] Processing 6 suggestions for opportunity f3000283...
[2026-02-05T17:22:34.958Z] ✓ Updated 6 suggestions to OUTDATED for opportunity f3000283...
[2026-02-05T17:22:37.510Z]   No fixes found for any suggestion
[2026-02-05T17:22:37.511Z] 
[1ac131eb...] Processing 3 suggestions for opportunity 711baf3b...
[2026-02-05T17:22:38.004Z] ✓ Updated 3 suggestions to OUTDATED for opportunity 711baf3b...
[2026-02-05T17:22:38.489Z]   Found 1 fix(es) for suggestion 22420f59...
[2026-02-05T17:22:38.951Z]   ✓ Deleted fix: b85cf210-22f4-4761-ae3d-da0113dd2862
[2026-02-05T17:22:39.377Z]   Found 1 fix(es) for suggestion 03a541c2...
[2026-02-05T17:22:39.857Z]   ✓ Deleted fix: 8b34688e-d755-428e-9faf-20c71018caa9
[2026-02-05T17:22:40.278Z]   Found 1 fix(es) for suggestion b802c840...
[2026-02-05T17:22:40.731Z]   ✓ Deleted fix: 63de0280-77a5-4a2e-926f-2eec34896a7e
[2026-02-05T17:22:40.733Z] ✓ Summary: Deleted 3/3 fixes
[2026-02-05T17:22:40.735Z] 
[c135763a...] Processing 2 suggestions for opportunity 835c5eca...
[2026-02-05T17:22:41.290Z] ✓ Updated 2 suggestions to OUTDATED for opportunity 835c5eca...
[2026-02-05T17:22:42.093Z]   No fixes found for any suggestion
[2026-02-05T17:22:42.094Z] 
[34c3ccd8...] Processing 1 suggestions for opportunity c575cf4e...
[2026-02-05T17:22:42.621Z] ✓ Updated 1 suggestions to OUTDATED for opportunity c575cf4e...
[2026-02-05T17:22:43.028Z]   No fixes found for any suggestion
[2026-02-05T17:22:43.030Z] 
[dbdf4184...] Processing 52 suggestions for opportunity 4965730c...
[2026-02-05T17:22:43.903Z] ✓ Updated 52 suggestions to OUTDATED for opportunity 4965730c...
[2026-02-05T17:22:44.390Z]   Found 1 fix(es) for suggestion b4c4f8d1...
[2026-02-05T17:22:44.871Z]   ✓ Deleted fix: 99702c21-3f77-4e1b-8729-783193236d4d
[2026-02-05T17:22:45.320Z]   Found 1 fix(es) for suggestion e1b5d940...
[2026-02-05T17:22:45.802Z]   ✓ Deleted fix: 5d721eda-c96c-452b-93dc-c779af9d482c
[2026-02-05T17:22:46.287Z]   Found 1 fix(es) for suggestion f2162f83...
[2026-02-05T17:22:46.731Z]   ✓ Deleted fix: b42f9736-7c89-49fe-a302-8f8a2c9dcc9b
[2026-02-05T17:22:47.233Z]   Found 1 fix(es) for suggestion 45c42908...
[2026-02-05T17:22:47.709Z]   ✓ Deleted fix: e084ade8-f5b7-4753-b84d-296e96bd3057
[2026-02-05T17:22:48.136Z]   Found 1 fix(es) for suggestion 298fdcd8...
[2026-02-05T17:22:48.663Z]   ✓ Deleted fix: 7ee51222-0e10-44e5-a7e2-1bdf4acccf23
[2026-02-05T17:22:49.179Z]   Found 1 fix(es) for suggestion e506a063...
[2026-02-05T17:22:49.688Z]   ✓ Deleted fix: 20c948e1-3f9f-4927-988c-4ebf48d6be69
[2026-02-05T17:22:50.100Z]   Found 1 fix(es) for suggestion 11f1e13b...
[2026-02-05T17:22:50.611Z]   ✓ Deleted fix: a4f0c0d5-ccc3-485e-bd84-b54f46307100
[2026-02-05T17:22:51.036Z]   Found 1 fix(es) for suggestion cae94ad2...
[2026-02-05T17:22:51.635Z]   ✓ Deleted fix: 182cc665-cd51-43d4-ba11-e441634b9d3c
[2026-02-05T17:22:52.147Z]   Found 1 fix(es) for suggestion c3a5fba9...
[2026-02-05T17:22:52.759Z]   ✓ Deleted fix: 718db2e0-007d-4e90-bf1c-89cd562c46e5
[2026-02-05T17:22:53.172Z]   Found 1 fix(es) for suggestion febaa3d6...
[2026-02-05T17:22:53.599Z]   ✓ Deleted fix: 114bb69c-c803-46a9-8cf3-7f1a64b81fb8
[2026-02-05T17:22:54.026Z]   Found 1 fix(es) for suggestion b90a57de...
[2026-02-05T17:22:54.456Z]   ✓ Deleted fix: 14a7f009-127d-4016-926f-72b7032aedb7
[2026-02-05T17:22:54.864Z]   Found 1 fix(es) for suggestion 0b3cdd12...
[2026-02-05T17:22:55.312Z]   ✓ Deleted fix: 2ba24e09-c8db-4dc1-94c1-473b23cd756a
[2026-02-05T17:22:55.751Z]   Found 1 fix(es) for suggestion a722fcaf...
[2026-02-05T17:22:56.813Z]   ✓ Deleted fix: 5c8565c1-a943-460e-89a0-268dc017275d
[2026-02-05T17:22:58.085Z]   Found 1 fix(es) for suggestion b2e19742...
[2026-02-05T17:22:58.596Z]   ✓ Deleted fix: 2e77adc1-63d1-4cb7-bfec-e360be4a2a4d
[2026-02-05T17:22:59.041Z]   Found 1 fix(es) for suggestion 69169b72...
[2026-02-05T17:22:59.620Z]   ✓ Deleted fix: 0fa0da9b-5a82-42e6-a06b-899f7fe9fc12
[2026-02-05T17:23:00.038Z]   Found 1 fix(es) for suggestion e4dc1343...
[2026-02-05T17:23:00.524Z]   ✓ Deleted fix: ff99d89f-54dc-4977-8064-57d32f200975
[2026-02-05T17:23:00.986Z]   Found 1 fix(es) for suggestion e3574dea...
[2026-02-05T17:23:01.465Z]   ✓ Deleted fix: 94d8b298-fee1-469e-8093-7d66ae3e7b7f
[2026-02-05T17:23:01.935Z]   Found 1 fix(es) for suggestion 01c9bb98...
[2026-02-05T17:23:02.357Z]   ✓ Deleted fix: 95622391-0dc6-4654-971b-85b24f210949
[2026-02-05T17:23:03.225Z]   Found 1 fix(es) for suggestion 23607084...
[2026-02-05T17:23:03.690Z]   ✓ Deleted fix: d98cd97e-c937-4d10-9dc8-78a07652041b
[2026-02-05T17:23:04.134Z]   Found 1 fix(es) for suggestion 0c79d2e5...
[2026-02-05T17:23:04.616Z]   ✓ Deleted fix: 2ec4f48f-a1a6-4f71-9ae1-240ccf941a2a
[2026-02-05T17:23:05.145Z]   Found 1 fix(es) for suggestion d43127f2...
[2026-02-05T17:23:05.663Z]   ✓ Deleted fix: 18756e05-05c6-4f2b-869d-0b58f97ad5fd
[2026-02-05T17:23:06.154Z]   Found 1 fix(es) for suggestion c56704aa...
[2026-02-05T17:23:06.759Z]   ✓ Deleted fix: 037f99b7-37fd-4803-9ed7-1f670c95c926
[2026-02-05T17:23:07.141Z]   Found 1 fix(es) for suggestion f71ab9ca...
[2026-02-05T17:23:07.570Z]   ✓ Deleted fix: b24589cf-5e17-43cd-874f-085cc53a1d6e
[2026-02-05T17:23:08.052Z]   Found 1 fix(es) for suggestion c8a746a9...
[2026-02-05T17:23:08.564Z]   ✓ Deleted fix: 185445f3-8c40-4c82-9a45-3c562ad1d0ba
[2026-02-05T17:23:08.979Z]   Found 1 fix(es) for suggestion a9007abb...
[2026-02-05T17:23:09.482Z]   ✓ Deleted fix: 3040e2cd-b576-4095-b8f7-2ce378193772
[2026-02-05T17:23:09.940Z]   Found 1 fix(es) for suggestion 76226ab7...
[2026-02-05T17:23:10.474Z]   ✓ Deleted fix: b4dd5b0b-c8f1-49e1-911d-b3430c81607a
[2026-02-05T17:23:10.947Z]   Found 1 fix(es) for suggestion 5d341750...
[2026-02-05T17:23:11.377Z]   ✓ Deleted fix: 20bc371d-5145-4b9f-9976-433b3e6641b8
[2026-02-05T17:23:11.913Z]   Found 1 fix(es) for suggestion f39a3776...
[2026-02-05T17:23:12.409Z]   ✓ Deleted fix: 64c0fc1f-a6bf-413f-9f6f-c62336c07043
[2026-02-05T17:23:12.833Z]   Found 1 fix(es) for suggestion ba91c246...
[2026-02-05T17:23:13.342Z]   ✓ Deleted fix: 3e74a163-76fb-4967-b817-88e637707f26
[2026-02-05T17:23:13.779Z]   Found 1 fix(es) for suggestion bae25ff8...
[2026-02-05T17:23:14.226Z]   ✓ Deleted fix: c5457aef-9099-4b73-9a3e-7eb3f3f10411
[2026-02-05T17:23:14.679Z]   Found 1 fix(es) for suggestion b0ee7e0b...
[2026-02-05T17:23:15.187Z]   ✓ Deleted fix: 869d5af8-2a1b-4a19-aa4e-2726d037921d
[2026-02-05T17:23:15.699Z]   Found 1 fix(es) for suggestion d2b322f6...
[2026-02-05T17:23:16.260Z]   ✓ Deleted fix: 659ffe2d-eb32-43c2-874f-4bfefa99d16b
[2026-02-05T17:23:16.676Z]   Found 1 fix(es) for suggestion a8fc6c50...
[2026-02-05T17:23:17.190Z]   ✓ Deleted fix: 526f1751-50bf-4361-aff2-319d7d034c6a
[2026-02-05T17:23:17.615Z]   Found 1 fix(es) for suggestion 5a60d707...
[2026-02-05T17:23:18.043Z]   ✓ Deleted fix: e8addd22-5db6-40e8-8c80-713b8bfb41cd
[2026-02-05T17:23:18.461Z]   Found 1 fix(es) for suggestion c16487a0...
[2026-02-05T17:23:18.991Z]   ✓ Deleted fix: fe8e5537-b101-40e2-bcfc-d90f7251b2aa
[2026-02-05T17:23:19.375Z]   Found 1 fix(es) for suggestion fe40246f...
[2026-02-05T17:23:19.774Z]   ✓ Deleted fix: 526f9eef-afca-4c78-be7f-52e83fc60c36
[2026-02-05T17:23:20.174Z]   Found 1 fix(es) for suggestion 999bd8ab...
[2026-02-05T17:23:20.601Z]   ✓ Deleted fix: 5fe6f0ac-f5f8-4d70-98ae-27689cf1e0b5
[2026-02-05T17:23:21.008Z]   Found 1 fix(es) for suggestion 83b95ea1...
[2026-02-05T17:23:21.534Z]   ✓ Deleted fix: d6fa3a95-99b1-4032-9699-1a61e965e80f
[2026-02-05T17:23:21.968Z]   Found 1 fix(es) for suggestion ec051cf9...
[2026-02-05T17:23:22.371Z]   ✓ Deleted fix: ecad9fd8-2198-455d-89d6-e8e8527e7370
[2026-02-05T17:23:22.786Z]   Found 1 fix(es) for suggestion a756e451...
[2026-02-05T17:23:23.241Z]   ✓ Deleted fix: 286897fb-766b-4f4f-90be-e6149d6af405
[2026-02-05T17:23:23.640Z]   Found 1 fix(es) for suggestion 2b1b29a4...
[2026-02-05T17:23:24.058Z]   ✓ Deleted fix: f44fb24f-25d0-4e64-9a7e-370b83d01f92
[2026-02-05T17:23:24.433Z]   Found 1 fix(es) for suggestion be12b94a...
[2026-02-05T17:23:24.916Z]   ✓ Deleted fix: 931fc1c7-c22d-40f4-bff7-e163cc6f1d28
[2026-02-05T17:23:25.331Z]   Found 1 fix(es) for suggestion 0b600ef9...
[2026-02-05T17:23:25.937Z]   ✓ Deleted fix: 76720cc1-d0ce-4827-b820-351ad38d3566
[2026-02-05T17:23:26.316Z]   Found 1 fix(es) for suggestion 1f4b3f46...
[2026-02-05T17:23:26.859Z]   ✓ Deleted fix: 6d488d83-f198-47ca-9134-48709f00b289
[2026-02-05T17:23:27.275Z]   Found 1 fix(es) for suggestion eb5364de...
[2026-02-05T17:23:27.767Z]   ✓ Deleted fix: f7d6a9fa-6de5-4029-bf22-96ce7656c320
[2026-02-05T17:23:28.295Z]   Found 1 fix(es) for suggestion 31012d02...
[2026-02-05T17:23:28.787Z]   ✓ Deleted fix: d5bf00e4-80f0-4dd6-9775-29f331a3ea48
[2026-02-05T17:23:29.269Z]   Found 1 fix(es) for suggestion 8e667c53...
[2026-02-05T17:23:29.775Z]   ✓ Deleted fix: 505b77c1-c504-4d2b-b392-d04b823bd72b
[2026-02-05T17:23:30.206Z]   Found 1 fix(es) for suggestion 826ca772...
[2026-02-05T17:23:30.668Z]   ✓ Deleted fix: c0653ebf-2b99-40fa-a04c-ec374c55d3b0
[2026-02-05T17:23:31.083Z]   Found 1 fix(es) for suggestion fa54ac62...
[2026-02-05T17:23:31.570Z]   ✓ Deleted fix: 830ae24f-4543-43c3-8c11-98b7484f4b58
[2026-02-05T17:23:32.032Z]   Found 1 fix(es) for suggestion fc3e0a8f...
[2026-02-05T17:23:32.530Z]   ✓ Deleted fix: 971e33bb-51f2-459b-9c4b-283b31d2831f
[2026-02-05T17:23:32.968Z]   Found 1 fix(es) for suggestion e3bcc6cb...
[2026-02-05T17:23:33.511Z]   ✓ Deleted fix: 92c22cd2-0f2b-4e00-ae41-cc02e8f86c9c
[2026-02-05T17:23:33.512Z] ✓ Summary: Deleted 51/51 fixes
[2026-02-05T17:23:33.512Z] 
[aaaf00c5...] Processing 2 suggestions for opportunity 5780b393...
[2026-02-05T17:23:34.070Z] ✓ Updated 2 suggestions to OUTDATED for opportunity 5780b393...
[2026-02-05T17:23:34.987Z]   No fixes found for any suggestion
[2026-02-05T17:23:34.988Z] 
==========================================
[2026-02-05T17:23:34.989Z] ✓ FINAL SUMMARY:
[2026-02-05T17:23:34.990Z]   - Total suggestions processed: 109
[2026-02-05T17:23:34.992Z]   - Log file: /Users/kanishka/Desktop/projects/spacecat-audit-worker/scripts/delete-fixes.log
[2026-02-05T17:23:34.993Z] ==========================================

